
Showing logs for build [32mcb-kubecd-environment-pr-164-45-9lfkv-1[0m stage [32mfrom-build-pack[0m and container [32mstep-credential-initializer-68rpc[0m
{"level":"warn","ts":1582245696.526345,"logger":"fallback-logger","caller":"logging/config.go:69","msg":"Fetch GitHub commit ID from kodata failed: \"ref: refs/heads/0.8.0-**-support-backwards-incompats\" is not a valid GitHub commit ID"}
{"level":"info","ts":1582245696.5271473,"logger":"fallback-logger","caller":"creds-init/main.go:40","msg":"Credentials initialized."}

Showing logs for build [32mcb-kubecd-environment-pr-164-45-9lfkv-1[0m stage [32mfrom-build-pack[0m and container [32mstep-working-dir-initializer-kfr2k[0m
{"level":"warn","ts":1582245697.608807,"logger":"fallback-logger","caller":"logging/config.go:69","msg":"Fetch GitHub commit ID from kodata failed: open /var/run/ko/HEAD: no such file or directory"}
{"level":"info","ts":1582245697.6105928,"logger":"fallback-logger","caller":"bash/main.go:64","msg":"Successfully executed command \"sh -c mkdir -p /workspace/source\"; output "}

Showing logs for build [32mcb-kubecd-environment-pr-164-45-9lfkv-1[0m stage [32mfrom-build-pack[0m and container [32mstep-place-tools[0m

Showing logs for build [32mcb-kubecd-environment-pr-164-45-9lfkv-1[0m stage [32mfrom-build-pack[0m and container [32mstep-git-source-cb-kubecd-environment-pr-164-45-9lfkv-dfs7l[0m
{"level":"warn","ts":1582245701.7014725,"logger":"fallback-logger","caller":"logging/config.go:69","msg":"Fetch GitHub commit ID from kodata failed: \"ref: refs/heads/0.8.0-**-support-backwards-incompats\" is not a valid GitHub commit ID"}
{"level":"info","ts":1582245702.7251785,"logger":"fallback-logger","caller":"git/git.go:103","msg":"Successfully cloned https://github.com/cb-kubecd/environment-pr-164-45-boot-gke-production.git @ master in path /workspace/source"}

Showing logs for build [32mcb-kubecd-environment-pr-164-45-9lfkv-1[0m stage [32mfrom-build-pack[0m and container [32mstep-git-merge[0m
Using SHAs from PULL_REFS=master:6baaa474ad28fb20bbfca51ac56b1513a75a0bb3,1:32a62a9f25ec3e5d9935847ba79b18087d02a6e0
DEBUG: LC_ALL=C JX_LOG_LEVEL=error git fetch origin --unshallow 32a62a9f25ec3e5d9935847ba79b18087d02a6e0: 6baaa474ad28fb20bbfca51ac56b1513a75a0bb3:
DEBUG: ran git fetch --unshallow origin 32a62a9f25ec3e5d9935847ba79b18087d02a6e0: 6baaa474ad28fb20bbfca51ac56b1513a75a0bb3: in 
DEBUG: LC_ALL=C JX_LOG_LEVEL=error git branch
DEBUG: JX_LOG_LEVEL=error LC_ALL=C git checkout master
DEBUG: ran git checkout master in 
DEBUG: LC_ALL=C JX_LOG_LEVEL=error git reset --hard 6baaa474ad28fb20bbfca51ac56b1513a75a0bb3
DEBUG: ran git reset --hard 6baaa474ad28fb20bbfca51ac56b1513a75a0bb3 in 
DEBUG: LC_ALL=C JX_LOG_LEVEL=error git clean -fd .
DEBUG: ran clean --force -d . in 
DEBUG: JX_LOG_LEVEL=error LC_ALL=C git merge 32a62a9f25ec3e5d9935847ba79b18087d02a6e0
DEBUG: ran git merge 32a62a9f25ec3e5d9935847ba79b18087d02a6e0 in 
DEBUG: LC_ALL=C JX_LOG_LEVEL=error git log --format=%H%x1f%an%x1f%ae%x1f%cn%x1f%ce%x1f%s%n%b%x1e 6baaa474ad28fb20bbfca51ac56b1513a75a0bb3..HEAD
Merged SHA 32a62a9f25ec3e5d9935847ba79b18087d02a6e0 with commit message 'chore: Promote bdd-spring-1582244735 to version 0.0.1' into base branch master

Showing logs for build [32mcb-kubecd-environment-pr-164-45-9lfkv-1[0m stage [32mfrom-build-pack[0m and container [32mstep-build-helm-build[0m
WARNING: No $CHART_REPOSITORY defined so using the default value of: http://jenkins-x-chartmuseum:8080
Adding missing Helm repo: storage.googleapis.com https://storage.googleapis.com/chartmuseum.jenkins-x.io
WARNING: No secrets found on "helm/repos" due: reading the secret "helm/repos" from vault: no secret "helm/repos" not found in vault
Read credentials for https://storage.googleapis.com/chartmuseum.jenkins-x.io from vault helm/repos
Successfully added Helm repository storage.googleapis.com.
Adding missing Helm repo: jenkins-x-chartmuseum http://jenkins-x-chartmuseum:8080
WARNING: No secrets found on "helm/repos" due: reading the secret "helm/repos" from vault: no secret "helm/repos" not found in vault
Read credentials for http://jenkins-x-chartmuseum:8080 from vault helm/repos
Successfully added Helm repository jenkins-x-chartmuseum.
WARNING: No $CHART_REPOSITORY defined so using the default value of: http://jenkins-x-chartmuseum:8080
Adding missing Helm repo: chartmuseum.jenkins-x.io http://chartmuseum.jenkins-x.io
WARNING: No secrets found on "helm/repos" due: reading the secret "helm/repos" from vault: no secret "helm/repos" not found in vault
Read credentials for http://chartmuseum.jenkins-x.io from vault helm/repos
Successfully added Helm repository chartmuseum.jenkins-x.io.
